  main.cpp
C:\Users\david\Desktop\tempWorkspace\win32\RenderProject\main.cpp(49,8): warning C4244: 'initializing': conversion from 'uint64_t' to 'int', possible loss of data
C:\Users\david\Desktop\tempWorkspace\win32\RenderProject\main.cpp(54,23): warning C4018: '<': signed/unsigned mismatch
C:\Users\david\Desktop\tempWorkspace\win32\RenderProject\main.cpp(56,24): warning C4018: '<': signed/unsigned mismatch
C:\Users\david\Desktop\tempWorkspace\win32\RenderProject\main.cpp(83,41): warning C4244: 'argument': conversion from 'float' to 'int', possible loss of data
C:\Users\david\Desktop\tempWorkspace\win32\RenderProject\main.cpp(83,21): warning C4244: 'argument': conversion from 'float' to 'int', possible loss of data
C:\Users\david\Desktop\tempWorkspace\win32\RenderProject\main.cpp(84,58): warning C4244: 'argument': conversion from 'float' to 'int', possible loss of data
C:\Users\david\Desktop\tempWorkspace\win32\RenderProject\main.cpp(84,38): warning C4244: 'argument': conversion from 'float' to 'int', possible loss of data
C:\Users\david\Desktop\tempWorkspace\win32\RenderProject\main.cpp(85,60): warning C4244: 'argument': conversion from 'float' to 'int', possible loss of data
C:\Users\david\Desktop\tempWorkspace\win32\RenderProject\main.cpp(85,40): warning C4244: 'argument': conversion from 'float' to 'int', possible loss of data
C:\Users\david\Desktop\tempWorkspace\win32\RenderProject\main.cpp(94,41): warning C4244: 'argument': conversion from 'float' to 'int', possible loss of data
C:\Users\david\Desktop\tempWorkspace\win32\RenderProject\main.cpp(94,32): warning C4244: 'argument': conversion from 'float' to 'int', possible loss of data
C:\Users\david\Desktop\tempWorkspace\win32\RenderProject\main.cpp(94,23): warning C4244: 'argument': conversion from 'float' to 'int', possible loss of data
C:\Users\david\Desktop\tempWorkspace\win32\RenderProject\main.cpp(94,15): warning C4244: 'argument': conversion from 'float' to 'int', possible loss of data
C:\Users\david\Desktop\tempWorkspace\win32\RenderProject\main.cpp(199,32): warning C4244: '=': conversion from 'uint64_t' to 'int', possible loss of data
C:\Users\david\Desktop\tempWorkspace\win32\RenderProject\main.cpp(209,29): warning C4244: '=': conversion from 'uint64_t' to 'int', possible loss of data
C:\Users\david\Desktop\tempWorkspace\win32\RenderProject\main.cpp(275,10): warning C4244: 'initializing': conversion from 'int' to 'float', possible loss of data
C:\Users\david\Desktop\tempWorkspace\win32\RenderProject\main.cpp(275,18): warning C4244: 'initializing': conversion from 'int' to 'float', possible loss of data
C:\Users\david\Desktop\tempWorkspace\win32\RenderProject\main.cpp(283,28): warning C4244: 'argument': conversion from 'float' to 'int', possible loss of data
C:\Users\david\Desktop\tempWorkspace\win32\RenderProject\main.cpp(283,18): warning C4244: 'argument': conversion from 'float' to 'int', possible loss of data
C:\Users\david\Desktop\tempWorkspace\win32\RenderProject\main.cpp(327,31): warning C4244: 'argument': conversion from 'float' to 'int', possible loss of data
C:\Users\david\Desktop\tempWorkspace\win32\RenderProject\main.cpp(327,25): warning C4244: 'argument': conversion from 'float' to 'int', possible loss of data
C:\Users\david\Desktop\tempWorkspace\win32\RenderProject\main.cpp(327,19): warning C4244: 'argument': conversion from 'float' to 'int', possible loss of data
C:\Users\david\Desktop\tempWorkspace\win32\RenderProject\main.cpp(327,13): warning C4244: 'argument': conversion from 'float' to 'int', possible loss of data
C:\Users\david\Desktop\tempWorkspace\win32\RenderProject\main.cpp(328,31): warning C4244: 'argument': conversion from 'float' to 'int', possible loss of data
C:\Users\david\Desktop\tempWorkspace\win32\RenderProject\main.cpp(328,25): warning C4244: 'argument': conversion from 'float' to 'int', possible loss of data
C:\Users\david\Desktop\tempWorkspace\win32\RenderProject\main.cpp(328,19): warning C4244: 'argument': conversion from 'float' to 'int', possible loss of data
C:\Users\david\Desktop\tempWorkspace\win32\RenderProject\main.cpp(328,13): warning C4244: 'argument': conversion from 'float' to 'int', possible loss of data
C:\Users\david\Desktop\tempWorkspace\win32\RenderProject\main.cpp(329,31): warning C4244: 'argument': conversion from 'float' to 'int', possible loss of data
C:\Users\david\Desktop\tempWorkspace\win32\RenderProject\main.cpp(329,25): warning C4244: 'argument': conversion from 'float' to 'int', possible loss of data
C:\Users\david\Desktop\tempWorkspace\win32\RenderProject\main.cpp(329,19): warning C4244: 'argument': conversion from 'float' to 'int', possible loss of data
C:\Users\david\Desktop\tempWorkspace\win32\RenderProject\main.cpp(329,13): warning C4244: 'argument': conversion from 'float' to 'int', possible loss of data
C:\Users\david\Desktop\tempWorkspace\win32\RenderProject\main.cpp(352,23): warning C4838: conversion from 'int' to 'float' requires a narrowing conversion
C:\Users\david\Desktop\tempWorkspace\win32\RenderProject\main.cpp(352,23): warning C4244: 'initializing': conversion from 'int' to 'float', possible loss of data
C:\Users\david\Desktop\tempWorkspace\win32\RenderProject\main.cpp(365,21): warning C4244: 'initializing': conversion from 'float' to 'int', possible loss of data
C:\Users\david\Desktop\tempWorkspace\win32\RenderProject\main.cpp(379,21): warning C4244: 'initializing': conversion from 'float' to 'int', possible loss of data
  RenderProject.vcxproj -> C:\Users\david\Desktop\tempWorkspace\win32\RenderProject\Debug\RenderProject.exe
